Using pre-set license
Built from '2020.2/staging' branch; Version is '2020.2.6f1 (8a2143876886) revision 9052483'; Using compiler version '192528614'; Build Type 'Release'
OS: 'Windows 10 Pro; OS build 19044.2965; Version 2009; 64bit' Language: 'en' Physical Memory: 32686 MB
BatchMode: 1, IsHumanControllingUs: 0, StartBugReporterOnCrash: 0, Is64bit: 1, IsPro: 0

 COMMAND LINE ARGUMENTS:
C:\Program Files\Unity\Editor\Unity.exe
-adb2
-batchMode
-noUpm
-name
AssetImportWorker0
-projectPath
D:/Syd_Dev/Projects/UnityShaderHowtos
-logFile
Logs/AssetImportWorker0.log
-srvPort
9626
Successfully changed project path to: D:/Syd_Dev/Projects/UnityShaderHowtos
D:/Syd_Dev/Projects/UnityShaderHowtos
Using Asset Import Pipeline V2.
Refreshing native plugins compatible for Editor in 29.12 ms, found 0 plugins.
Preloading 0 native plugins for Editor in 0.00 ms.
Initialize engine version: 2020.2.6f1 (8a2143876886)
[Subsystems] Discovering subsystems at path C:/Program Files/Unity/Editor/Data/Resources/UnitySubsystems
[Subsystems] Discovering subsystems at path D:/Syd_Dev/Projects/UnityShaderHowtos/Assets
GfxDevice: creating device client; threaded=0
Direct3D:
    Version:  Direct3D 11.0 [level 11.1]
    Renderer: NVIDIA GeForce RTX 2070 (ID=0x1f07)
    Vendor:   
    VRAM:     8019 MB
    Driver:   31.0.15.3161
Shader 'ShaderHowtos/S_AlphaTest': fallback shader 'Transparent/Cutout/VertexList' not found
Shader 'ShaderHowtos/S_AlphaBlend': fallback shader 'Transparent/Cutout/VertexList' not found
Shader 'ShaderHowtos/S_AlphaBlendZWrite': fallback shader 'Transparent/VertexList' not found
Initialize mono
Mono path[0] = 'C:/Program Files/Unity/Editor/Data/Managed'
Mono path[1] = 'C:/Program Files/Unity/Editor/Data/MonoBleedingEdge/lib/mono/unityjit'
Mono config path = 'C:/Program Files/Unity/Editor/Data/MonoBleedingEdge/etc'
Using monoOptions --debugger-agent=transport=dt_socket,embedding=1,server=y,suspend=n,address=127.0.0.1:56312
Begin MonoManager ReloadAssembly
Registering precompiled unity dll's ...
Register platform support module: C:/Program Files/Unity/Editor/Data/PlaybackEngines/WindowsStandaloneSupport/UnityEditor.WindowsStandalone.Extensions.dll
Registered in 0.001297 seconds.
Native extension for WindowsStandalone target not found
Refreshing native plugins compatible for Editor in 26.37 ms, found 0 plugins.
Preloading 0 native plugins for Editor in 0.00 ms.
Invoked RoslynAnalysisRunner static constructor.
RoslynAnalysisRunner will not be running.
RoslynAnalysisRunner has terminated.
Mono: successfully reloaded assembly
- Completed reload, in  0.728 seconds
Platform modules already initialized, skipping
Registering precompiled user dll's ...
Registered in 0.001097 seconds.
Begin MonoManager ReloadAssembly
Native extension for WindowsStandalone target not found
Refreshing native plugins compatible for Editor in 0.35 ms, found 0 plugins.
Preloading 0 native plugins for Editor in 0.00 ms.
Invoked RoslynAnalysisRunner static constructor.
RoslynAnalysisRunner will not be running.
RoslynAnalysisRunner has terminated.
Mono: successfully reloaded assembly
- Completed reload, in  0.639 seconds
Platform modules already initialized, skipping
========================================================================
Worker process is ready to serve import requests
Shader 'ShaderHowtos/S_AlphaTest': fallback shader 'Transparent/Cutout/VertexList' not found
Shader 'ShaderHowtos/S_AlphaBlendZWrite': fallback shader 'Transparent/VertexList' not found
Shader 'ShaderHowtos/S_AlphaBlend': fallback shader 'Transparent/Cutout/VertexList' not found
Launched and connected shader compiler UnityShaderCompiler.exe after 0.10 seconds
Refreshing native plugins compatible for Editor in 0.60 ms, found 0 plugins.
Preloading 0 native plugins for Editor in 0.00 ms.
Unloading 1490 Unused Serialized files (Serialized files now loaded: 0)
System memory in use before: 85.6 MB.
System memory in use after: 85.5 MB.

Unloading 35 unused Assets to reduce memory usage. Loaded Objects now: 1925.
Total: 1.516600 ms (FindLiveObjects: 0.144100 ms CreateObjectMapping: 0.041200 ms MarkObjects: 1.193500 ms  DeleteObjects: 0.137100 ms)

========================================================================
Received Import Request.
  path: Assets/Learning/Chapter9/NewSurfaceShader.shader
  artifactKey: Guid(3134fe7fa2dcea6449d2b1cd384ed110) Importer(815301076,1909f56bfc062723c751e8b465ee728b)
Start importing Assets/Learning/Chapter9/NewSurfaceShader.shader using Guid(3134fe7fa2dcea6449d2b1cd384ed110) Importer(815301076,1909f56bfc062723c751e8b465ee728b)  -> (artifact id: 'd413a0aa710a12f54aecefb2a43b6a74') in 0.025804 seconds
  Import took 0.028075 seconds .

========================================================================
Received Import Request.
  Time since last request: 5.495095 seconds.
  path: Assets/Learning/Chapter9/S_ForwardRendering.shader
  artifactKey: Guid(80c59b6240b592e43a718c1c3de742db) Importer(815301076,1909f56bfc062723c751e8b465ee728b)
Start importing Assets/Learning/Chapter9/S_ForwardRendering.shader using Guid(80c59b6240b592e43a718c1c3de742db) Importer(815301076,1909f56bfc062723c751e8b465ee728b)  -> (artifact id: '6dbc66610a1b2c9633558250171875d1') in 0.004935 seconds
  Import took 0.006974 seconds .

========================================================================
Received Import Request.
  Time since last request: 170.044183 seconds.
  path: Assets/Learning/Chapter9/S_Shadow.shader
  artifactKey: Guid(4685db9b352c0594a881a303bd27e834) Importer(815301076,1909f56bfc062723c751e8b465ee728b)
Start importing Assets/Learning/Chapter9/S_Shadow.shader using Guid(4685db9b352c0594a881a303bd27e834) Importer(815301076,1909f56bfc062723c751e8b465ee728b)  -> (artifact id: 'd03da3846c4d0f97185eaf0ac242b2c6') in 0.006415 seconds
  Import took 0.008939 seconds .

========================================================================
Received Import Request.
  Time since last request: 466.612956 seconds.
  path: Assets/Learning/Chapter9/S_Shadow.shader
  artifactKey: Guid(4685db9b352c0594a881a303bd27e834) Importer(815301076,1909f56bfc062723c751e8b465ee728b)
Start importing Assets/Learning/Chapter9/S_Shadow.shader using Guid(4685db9b352c0594a881a303bd27e834) Importer(815301076,1909f56bfc062723c751e8b465ee728b)  -> (artifact id: 'aab15e97c52c58588abf6292cef8bde2') in 0.002107 seconds
  Import took 0.004543 seconds .

========================================================================
Received Import Request.
  Time since last request: 6.416197 seconds.
  path: Assets/Learning/Chapter9/S_Shadow.shader
  artifactKey: Guid(4685db9b352c0594a881a303bd27e834) Importer(815301076,1909f56bfc062723c751e8b465ee728b)
Start importing Assets/Learning/Chapter9/S_Shadow.shader using Guid(4685db9b352c0594a881a303bd27e834) Importer(815301076,1909f56bfc062723c751e8b465ee728b)  -> (artifact id: 'de65434684259e324420e863b93682ea') in 0.001967 seconds
  Import took 0.004493 seconds .

========================================================================
Received Prepare
Registering precompiled user dll's ...
Registered in 0.000948 seconds.
Begin MonoManager ReloadAssembly
Native extension for WindowsStandalone target not found
Refreshing native plugins compatible for Editor in 0.36 ms, found 0 plugins.
Preloading 0 native plugins for Editor in 0.00 ms.
Invoked RoslynAnalysisRunner static constructor.
RoslynAnalysisRunner will not be running.
RoslynAnalysisRunner has terminated.
Mono: successfully reloaded assembly
- Completed reload, in  0.598 seconds
Platform modules already initialized, skipping
Shader 'ShaderHowtos/S_AlphaTest': fallback shader 'Transparent/Cutout/VertexList' not found
Shader 'ShaderHowtos/S_AlphaBlendZWrite': fallback shader 'Transparent/VertexList' not found
Shader 'ShaderHowtos/S_AlphaBlend': fallback shader 'Transparent/Cutout/VertexList' not found
Refreshing native plugins compatible for Editor in 0.38 ms, found 0 plugins.
Preloading 0 native plugins for Editor in 0.00 ms.
Unloading 1419 Unused Serialized files (Serialized files now loaded: 0)
System memory in use before: 80.3 MB.
System memory in use after: 80.0 MB.

Unloading 27 unused Assets to reduce memory usage. Loaded Objects now: 1927.
Total: 1.996800 ms (FindLiveObjects: 0.185200 ms CreateObjectMapping: 0.048300 ms MarkObjects: 1.447700 ms  DeleteObjects: 0.314400 ms)

========================================================================
Received Prepare
Registering precompiled user dll's ...
Registered in 0.001469 seconds.
Begin MonoManager ReloadAssembly
Native extension for WindowsStandalone target not found
Refreshing native plugins compatible for Editor in 0.52 ms, found 0 plugins.
Preloading 0 native plugins for Editor in 0.00 ms.
Invoked RoslynAnalysisRunner static constructor.
RoslynAnalysisRunner will not be running.
RoslynAnalysisRunner has terminated.
Mono: successfully reloaded assembly
- Completed reload, in  0.635 seconds
Platform modules already initialized, skipping
Shader 'ShaderHowtos/S_AlphaTest': fallback shader 'Transparent/Cutout/VertexList' not found
Shader 'ShaderHowtos/S_AlphaBlendZWrite': fallback shader 'Transparent/VertexList' not found
Shader 'ShaderHowtos/S_AlphaBlend': fallback shader 'Transparent/Cutout/VertexList' not found
Refreshing native plugins compatible for Editor in 0.40 ms, found 0 plugins.
Preloading 0 native plugins for Editor in 0.00 ms.
Unloading 1419 Unused Serialized files (Serialized files now loaded: 0)
System memory in use before: 80.3 MB.
System memory in use after: 80.1 MB.

Unloading 27 unused Assets to reduce memory usage. Loaded Objects now: 1929.
Total: 1.897200 ms (FindLiveObjects: 0.173900 ms CreateObjectMapping: 0.050500 ms MarkObjects: 1.360400 ms  DeleteObjects: 0.310800 ms)

AssetImportWorkerClient::OnTransportError - code=2 error=End of file
